<?xml version="1.0" encoding="UTF-8"?>
<!-- Generated by org.testng.reporters.JUnitXMLReporter -->
<testsuite ignored="0" hostname="LE15-GNK1-IND" failures="1" tests="2" name="Validate Title Test" time="83.767" errors="0" timestamp="2022-07-27T01:31:20 IST">
  <testcase classname="Academy2.ValidateTitle" name="validateAppTitle" time="0.278">
    <failure type="junit.framework.ComparisonFailure" message="expected:&amp;lt;FEATURED CO[]URSES&amp;gt; but was:&amp;lt;FEATURED CO[123]URSES&amp;gt;">
      <![CDATA[junit.framework.ComparisonFailure: expected:<FEATURED CO[]URSES> but was:<FEATURED CO[123]URSES>
at junit.framework.Assert.assertEquals(Assert.java:100)
at junit.framework.Assert.assertEquals(Assert.java:107)
at Academy2.ValidateTitle.validateAppTitle(ValidateTitle.java:37)
at java.base/java.util.ArrayList.forEach(ArrayList.java:1511)
at java.base/java.util.concurrent.FutureTask.run(FutureTask.java:264)
at java.base/java.util.concurrent.ThreadPoolExecutor.runWorker(ThreadPoolExecutor.java:1136)
at java.base/java.util.concurrent.ThreadPoolExecutor$Worker.run(ThreadPoolExecutor.java:635)
at java.base/java.lang.Thread.run(Thread.java:833)
... Removed 18 stack frames]]>
    </failure>
  </testcase> <!-- validateAppTitle -->
  <testcase classname="Academy2.ValidateTitle" name="validatePageHeader" time="0.035"/>
</testsuite> <!-- Validate Title Test -->
